<?xml version="1.0" encoding="UTF-8"?>
<!-- Generated by org.testng.reporters.JUnitReportReporter -->
<testsuite hostname="RK" failures="0" tests="3" name="com.crm.qa.testcases.LoginPageTest" time="29.817" errors="0" timestamp="2023-12-21T21:42:00 EST" skipped="0">
  <testcase classname="com.crm.qa.testcases.LoginPageTest" name="loginPageTitleTest" time="10.904"/>
  <testcase classname="com.crm.qa.testcases.LoginPageTest" name="crmLogoImageTest" time="8.287"/>
  <testcase classname="com.crm.qa.testcases.LoginPageTest" name="loginTest" time="10.626"/>
</testsuite> <!-- com.crm.qa.testcases.LoginPageTest -->
